{
  "stats": {
    "suites": 1,
    "tests": 9,
    "passes": 9,
    "pending": 0,
    "failures": 0,
    "start": "2025-03-19T02:38:01.771Z",
    "end": "2025-03-19T02:38:16.032Z",
    "duration": 14261,
    "testsRegistered": 9,
    "passPercent": 100,
    "pendingPercent": 0,
    "other": 0,
    "hasOther": false,
    "skipped": 0,
    "hasSkipped": false
  },
  "results": [
    {
      "uuid": "9b39e02d-4c49-4bad-9116-3258fc372258",
      "title": "",
      "fullFile": "cypress/e2e/checkers.cy.js",
      "file": "cypress/e2e/checkers.cy.js",
      "beforeHooks": [],
      "afterHooks": [],
      "tests": [],
      "suites": [
        {
          "uuid": "6badf396-5888-4a52-b199-75f92da6ba2c",
          "title": "Checkers Game Tests",
          "fullFile": "",
          "file": "",
          "beforeHooks": [],
          "afterHooks": [],
          "tests": [
            {
              "title": "should show the game title correctly",
              "fullTitle": "Checkers Game Tests should show the game title correctly",
              "timedOut": null,
              "duration": 3250,
              "state": "passed",
              "speed": "fast",
              "pass": true,
              "fail": false,
              "pending": false,
              "context": null,
              "code": "checkersPage.validateGameTitle(\"Checkers\");",
              "err": {},
              "uuid": "6531d1bf-5616-4825-b114-531da2cb8f13",
              "parentUUID": "6badf396-5888-4a52-b199-75f92da6ba2c",
              "isHook": false,
              "skipped": false
            },
            {
              "title": "should show the initial message before game starts",
              "fullTitle": "Checkers Game Tests should show the initial message before game starts",
              "timedOut": null,
              "duration": 716,
              "state": "passed",
              "speed": "fast",
              "pass": true,
              "fail": false,
              "pending": false,
              "context": null,
              "code": "checkersPage.validateInitialMessage();",
              "err": {},
              "uuid": "5dab8ee9-36d1-4594-8d97-55b8a201e124",
              "parentUUID": "6badf396-5888-4a52-b199-75f92da6ba2c",
              "isHook": false,
              "skipped": false
            },
            {
              "title": "should have Reset and Rules buttons enabled",
              "fullTitle": "Checkers Game Tests should have Reset and Rules buttons enabled",
              "timedOut": null,
              "duration": 721,
              "state": "passed",
              "speed": "fast",
              "pass": true,
              "fail": false,
              "pending": false,
              "context": null,
              "code": "checkersPage.validateResetButtonEnabled();\ncheckersPage.validateRulesButtonEnabled();",
              "err": {},
              "uuid": "22a31be8-5b7f-420a-9d0e-066e92e4421d",
              "parentUUID": "6badf396-5888-4a52-b199-75f92da6ba2c",
              "isHook": false,
              "skipped": false
            },
            {
              "title": "should reset game when the Reset button is clicked",
              "fullTitle": "Checkers Game Tests should reset game when the Reset button is clicked",
              "timedOut": null,
              "duration": 1517,
              "state": "passed",
              "speed": "fast",
              "pass": true,
              "fail": false,
              "pending": false,
              "context": null,
              "code": "checkersPage.movePiece(6, 2, 7, 3);\ncheckersPage.clickResetButton();\ncheckersPage.validateInitialMessage();",
              "err": {},
              "uuid": "5db758ba-843c-484d-8602-7bf086a0c189",
              "parentUUID": "6badf396-5888-4a52-b199-75f92da6ba2c",
              "isHook": false,
              "skipped": false
            },
            {
              "title": "should navigate to rules page when Rules button is clicked",
              "fullTitle": "Checkers Game Tests should navigate to rules page when Rules button is clicked",
              "timedOut": null,
              "duration": 2237,
              "state": "passed",
              "speed": "fast",
              "pass": true,
              "fail": false,
              "pending": false,
              "context": null,
              "code": "checkersPage.clickRulesButton();",
              "err": {},
              "uuid": "cd6b147f-6c3d-4fd3-9007-ec1141e4bd9c",
              "parentUUID": "6badf396-5888-4a52-b199-75f92da6ba2c",
              "isHook": false,
              "skipped": false
            },
            {
              "title": "should have the correct 8x8 grid size",
              "fullTitle": "Checkers Game Tests should have the correct 8x8 grid size",
              "timedOut": null,
              "duration": 873,
              "state": "passed",
              "speed": "fast",
              "pass": true,
              "fail": false,
              "pending": false,
              "context": null,
              "code": "checkersPage.validateBoardSize();",
              "err": {},
              "uuid": "c3747e4d-ad2d-4dfd-9ff2-c18d8f8d2dab",
              "parentUUID": "6badf396-5888-4a52-b199-75f92da6ba2c",
              "isHook": false,
              "skipped": false
            },
            {
              "title": "should allow a valid diagonal move for a piece",
              "fullTitle": "Checkers Game Tests should allow a valid diagonal move for a piece",
              "timedOut": null,
              "duration": 1902,
              "state": "passed",
              "speed": "fast",
              "pass": true,
              "fail": false,
              "pending": false,
              "context": null,
              "code": "cy.get(checkersPage.orangePieces).its(\"length\").then(initialCount => {\n  checkersPage.movePiece(6, 2, 7, 3);\n  checkersPage.verifyMoveMessage();\n  cy.get(checkersPage.orangePieces).its(\"length\").should(\"eq\", initialCount);\n});",
              "err": {},
              "uuid": "304b57c1-6834-44a5-bd86-50b346273fcb",
              "parentUUID": "6badf396-5888-4a52-b199-75f92da6ba2c",
              "isHook": false,
              "skipped": false
            },
            {
              "title": "should not allow non-diagonal moves",
              "fullTitle": "Checkers Game Tests should not allow non-diagonal moves",
              "timedOut": null,
              "duration": 888,
              "state": "passed",
              "speed": "fast",
              "pass": true,
              "fail": false,
              "pending": false,
              "context": null,
              "code": "checkersPage.movePiece(6, 2, 7, 2);\ncy.get(`img[name=\"space62\"]`).should('have.attr', 'src').and('include', 'you2.gif');",
              "err": {},
              "uuid": "64d2819d-2f49-4d7f-91bd-35926c5c1a16",
              "parentUUID": "6badf396-5888-4a52-b199-75f92da6ba2c",
              "isHook": false,
              "skipped": false
            },
            {
              "title": "should validate capturing the opponent's piece",
              "fullTitle": "Checkers Game Tests should validate capturing the opponent's piece",
              "timedOut": null,
              "duration": 1843,
              "state": "passed",
              "speed": "fast",
              "pass": true,
              "fail": false,
              "pending": false,
              "context": null,
              "code": "cy.get(checkersPage.bluePieces).its('length').then(initialBlueCount => {\n  checkersPage.movePiece(2, 2, 3, 3, 4000);\n  checkersPage.movePiece(0, 2, 1, 3, 4000);\n  checkersPage.movePiece(3, 1, 1, 3, 4000);\n  cy.get(checkersPage.bluePieces).its('length').should('be.lessThan', initialBlueCount);\n});",
              "err": {},
              "uuid": "cfa273b7-8853-4402-b330-1ea3a5292de8",
              "parentUUID": "6badf396-5888-4a52-b199-75f92da6ba2c",
              "isHook": false,
              "skipped": false
            }
          ],
          "suites": [],
          "passes": [
            "6531d1bf-5616-4825-b114-531da2cb8f13",
            "5dab8ee9-36d1-4594-8d97-55b8a201e124",
            "22a31be8-5b7f-420a-9d0e-066e92e4421d",
            "5db758ba-843c-484d-8602-7bf086a0c189",
            "cd6b147f-6c3d-4fd3-9007-ec1141e4bd9c",
            "c3747e4d-ad2d-4dfd-9ff2-c18d8f8d2dab",
            "304b57c1-6834-44a5-bd86-50b346273fcb",
            "64d2819d-2f49-4d7f-91bd-35926c5c1a16",
            "cfa273b7-8853-4402-b330-1ea3a5292de8"
          ],
          "failures": [],
          "pending": [],
          "skipped": [],
          "duration": 13947,
          "root": false,
          "rootEmpty": false,
          "_timeout": 2000
        }
      ],
      "passes": [],
      "failures": [],
      "pending": [],
      "skipped": [],
      "duration": 0,
      "root": true,
      "rootEmpty": true,
      "_timeout": 2000
    }
  ],
  "meta": {
    "mocha": {
      "version": "7.0.1"
    },
    "mochawesome": {
      "options": {
        "quiet": false,
        "reportFilename": "mochawesome",
        "saveHtml": true,
        "saveJson": true,
        "consoleReporter": "spec",
        "useInlineDiffs": false,
        "code": true
      },
      "version": "7.1.3"
    },
    "marge": {
      "options": {
        "reportDir": "cypress/reports",
        "html": true,
        "overwrite": false,
        "json": true
      },
      "version": "6.2.0"
    }
  }
}